  aabb.cpp
C:\Users\Jin Freecss\Desktop\RT_ISICG_etu-master-d8a71368c478919a5f41a47db1a5053d96edd616\src\defines.hpp(4,10): fatal error C1083: Impossible d'ouvrir le fichier include : 'glm/glm.hpp' : No such file or directory
  bvh.cpp
C:\Users\Jin Freecss\Desktop\RT_ISICG_etu-master-d8a71368c478919a5f41a47db1a5053d96edd616\src\defines.hpp(4,10): fatal error C1083: Impossible d'ouvrir le fichier include : 'glm/glm.hpp' : No such file or directory
  perspective_camera.cpp
C:\Users\Jin Freecss\Desktop\RT_ISICG_etu-master-d8a71368c478919a5f41a47db1a5053d96edd616\src\cameras\base_camera.hpp(4,10): fatal error C1083: Impossible d'ouvrir le fichier include : 'defines.hpp' : No such file or directory
  sphere_geometry.cpp
C:\Users\Jin Freecss\Desktop\RT_ISICG_etu-master-d8a71368c478919a5f41a47db1a5053d96edd616\src\geometry\base_geometry.hpp(4,10): fatal error C1083: Impossible d'ouvrir le fichier include : 'hit_record.hpp' : No such file or directory
  triangle_mesh_geometry.cpp
C:\Users\Jin Freecss\Desktop\RT_ISICG_etu-master-d8a71368c478919a5f41a47db1a5053d96edd616\src\geometry\base_geometry.hpp(4,10): fatal error C1083: Impossible d'ouvrir le fichier include : 'hit_record.hpp' : No such file or directory
  ray_cast_integrator.cpp
C:\Users\Jin Freecss\Desktop\RT_ISICG_etu-master-d8a71368c478919a5f41a47db1a5053d96edd616\src\integrators\base_integrator.hpp(4,10): fatal error C1083: Impossible d'ouvrir le fichier include : 'scene.hpp' : No such file or directory
  main.cpp
C:\Users\Jin Freecss\Desktop\RT_ISICG_etu-master-d8a71368c478919a5f41a47db1a5053d96edd616\src\defines.hpp(4,10): fatal error C1083: Impossible d'ouvrir le fichier include : 'glm/glm.hpp' : No such file or directory
  sphere.cpp
C:\Users\Jin Freecss\Desktop\RT_ISICG_etu-master-d8a71368c478919a5f41a47db1a5053d96edd616\src\objects\base_object.hpp(4,10): fatal error C1083: Impossible d'ouvrir le fichier include : 'defines.hpp' : No such file or directory
  triangle_mesh.cpp
C:\Users\Jin Freecss\Desktop\RT_ISICG_etu-master-d8a71368c478919a5f41a47db1a5053d96edd616\src\objects\base_object.hpp(4,10): fatal error C1083: Impossible d'ouvrir le fichier include : 'defines.hpp' : No such file or directory
  renderer.cpp
C:\Users\Jin Freecss\Desktop\RT_ISICG_etu-master-d8a71368c478919a5f41a47db1a5053d96edd616\src\defines.hpp(4,10): fatal error C1083: Impossible d'ouvrir le fichier include : 'glm/glm.hpp' : No such file or directory
  scene.cpp
C:\Users\Jin Freecss\Desktop\RT_ISICG_etu-master-d8a71368c478919a5f41a47db1a5053d96edd616\src\defines.hpp(4,10): fatal error C1083: Impossible d'ouvrir le fichier include : 'glm/glm.hpp' : No such file or directory
  texture.cpp
C:\Users\Jin Freecss\Desktop\RT_ISICG_etu-master-d8a71368c478919a5f41a47db1a5053d96edd616\src\defines.hpp(4,10): fatal error C1083: Impossible d'ouvrir le fichier include : 'glm/glm.hpp' : No such file or directory
  console_progress_bar.cpp
  Génération de code en cours...
